{
  "RSpec": {
    "coverage": {
      "/Users/andela/Desktop/projects/framework/giddy/orm/base_model.rb": [
        1,
        1,
        null,
        1,
        1,
        null,
        1,
        36,
        null,
        null,
        1,
        2,
        null,
        null,
        1,
        3,
        3,
        null,
        null,
        1,
        2,
        2,
        null,
        9,
        null,
        null,
        1,
        13,
        13,
        13,
        13,
        13,
        null,
        null,
        1,
        null,
        1,
        2,
        2,
        null,
        2,
        2,
        2,
        2,
        null,
        null,
        2,
        2,
        null,
        null,
        1,
        1,
        null,
        null,
        1,
        2,
        null,
        null,
        1,
        2,
        2,
        2,
        null,
        null,
        1,
        11,
        11,
        11,
        null,
        null,
        1,
        13,
        13,
        23,
        null,
        null,
        1,
        2,
        2,
        2,
        null,
        null,
        1,
        3,
        3,
        3,
        null,
        null,
        1,
        4,
        4,
        4,
        null,
        null
      ],
      "/Users/andela/Desktop/projects/framework/giddy/orm/query_helpers.rb": [
        1,
        1,
        1,
        null,
        null,
        1,
        13,
        null,
        null,
        1,
        65,
        null,
        null,
        1,
        13,
        13,
        null,
        null,
        1,
        82,
        82,
        null,
        null,
        null,
        1,
        1,
        64,
        null,
        null,
        1,
        52,
        null,
        null,
        1,
        58,
        58,
        58,
        null,
        null,
        1,
        7,
        7,
        7,
        7,
        7,
        7,
        null,
        null,
        1,
        2,
        2,
        7,
        null,
        null,
        2,
        null,
        null,
        1,
        43,
        null,
        null,
        1,
        19,
        15,
        null,
        15,
        60,
        null,
        null,
        15,
        null,
        null,
        1,
        51,
        null,
        null,
        null
      ],
      "/Users/andela/Desktop/projects/framework/giddy/spec/support/classes/todo.rb": [
        1,
        1,
        1,
        1,
        1,
        null
      ],
      "/Users/andela/Desktop/projects/framework/giddy/spec/support/factories/todo.rb": [
        1,
        1,
        1,
        1,
        null,
        null
      ],
      "/Users/andela/Desktop/projects/framework/giddy/spec/unit/giddy_spec.rb": [
        1,
        1,
        null,
        1,
        4,
        null,
        1,
        1,
        1,
        1,
        null,
        1,
        null,
        null,
        null,
        1,
        2,
        null,
        1,
        1,
        null,
        1,
        null,
        null,
        null,
        1,
        1,
        1,
        1,
        null,
        null,
        null,
        1,
        1,
        1,
        null,
        null,
        1,
        1,
        1,
        1,
        1,
        1,
        null,
        null,
        1,
        1,
        1,
        1,
        2,
        1,
        null,
        null,
        null,
        null,
        1,
        1,
        1,
        null,
        null,
        1,
        1,
        null,
        null,
        1,
        1,
        1,
        1,
        2,
        null,
        null,
        1,
        1,
        1,
        null,
        null,
        null,
        null,
        1,
        1,
        1,
        1,
        1,
        2,
        null,
        1,
        null,
        null,
        1,
        1,
        1,
        1,
        1,
        2,
        null,
        1,
        null,
        null,
        1,
        1,
        1,
        1,
        1,
        null,
        null,
        1,
        1,
        null,
        null,
        1,
        1,
        1,
        1,
        null,
        null,
        1,
        1,
        null,
        null,
        null,
        1,
        1,
        1,
        1,
        null,
        null,
        null,
        null,
        1,
        1,
        1,
        1,
        1,
        1,
        null,
        null,
        null,
        1,
        1,
        1,
        null,
        null,
        null,
        null,
        1,
        1,
        1,
        1,
        1,
        1,
        null,
        null,
        null,
        1,
        1,
        1,
        null,
        null,
        null,
        null,
        1,
        1,
        1,
        null,
        null,
        1,
        null,
        null,
        1,
        1,
        1,
        2,
        1,
        null,
        null,
        null,
        1,
        1,
        null,
        1,
        null,
        null,
        null
      ]
    },
    "timestamp": 1475151900
  }
}
